{"/Users/shafeerabdulsalam/Project2024/risk-profile-app/redux/actions.ts": {"path":"/Users/shafeerabdulsalam/Project2024/risk-profile-app/redux/actions.ts","statementMap":{"0":{"start":{"line":3,"column":27},"end":{"line":3,"column":40}},"1":{"start":{"line":5,"column":32},"end":{"line":10,"column":1}},"2":{"start":{"line":6,"column":2},"end":{"line":9,"column":4}}},"fnMap":{"0":{"name":"(anonymous_0)","decl":{"start":{"line":5,"column":32},"end":{"line":5,"column":33}},"loc":{"start":{"line":5,"column":50},"end":{"line":10,"column":1}},"line":5}},"branchMap":{},"s":{"0":2,"1":2,"2":1},"f":{"0":1},"b":{},"_coverageSchema":"1a1c01bbd47fc00a2c39e90264f33305004495a9","hash":"260da6c8b2a52bb924fc3106ae915924ef5ff28a"}
,"/Users/shafeerabdulsalam/Project2024/risk-profile-app/redux/reducer.ts": {"path":"/Users/shafeerabdulsalam/Project2024/risk-profile-app/redux/reducer.ts","statementMap":{"0":{"start":{"line":8,"column":28},"end":{"line":10,"column":1}},"1":{"start":{"line":12,"column":16},"end":{"line":22,"column":1}},"2":{"start":{"line":13,"column":4},"end":{"line":21,"column":7}},"3":{"start":{"line":15,"column":10},"end":{"line":18,"column":12}},"4":{"start":{"line":20,"column":10},"end":{"line":20,"column":23}}},"fnMap":{"0":{"name":"(anonymous_0)","decl":{"start":{"line":12,"column":16},"end":{"line":12,"column":17}},"loc":{"start":{"line":12,"column":62},"end":{"line":22,"column":1}},"line":12}},"branchMap":{"0":{"loc":{"start":{"line":12,"column":17},"end":{"line":12,"column":37}},"type":"default-arg","locations":[{"start":{"line":12,"column":25},"end":{"line":12,"column":37}}],"line":12},"1":{"loc":{"start":{"line":13,"column":4},"end":{"line":21,"column":7}},"type":"switch","locations":[{"start":{"line":14,"column":8},"end":{"line":18,"column":12}},{"start":{"line":19,"column":8},"end":{"line":20,"column":23}}],"line":13}},"s":{"0":2,"1":2,"2":6,"3":4,"4":2},"f":{"0":6},"b":{"0":[2],"1":[4,2]},"_coverageSchema":"1a1c01bbd47fc00a2c39e90264f33305004495a9","hash":"8e09e50dd05f18f7e1ecba07c2fbfaa93be34579"}
,"/Users/shafeerabdulsalam/Project2024/risk-profile-app/screens/QuestionnaireScreen.tsx": {"path":"/Users/shafeerabdulsalam/Project2024/risk-profile-app/screens/QuestionnaireScreen.tsx","statementMap":{"0":{"start":{"line":34,"column":22},"end":{"line":36,"column":1}},"1":{"start":{"line":35,"column":2},"end":{"line":35,"column":38}},"2":{"start":{"line":38,"column":23},"end":{"line":40,"column":1}},"3":{"start":{"line":39,"column":2},"end":{"line":39,"column":35}},"4":{"start":{"line":42,"column":26},"end":{"line":42,"column":69}},"5":{"start":{"line":44,"column":38},"end":{"line":214,"column":1}},"6":{"start":{"line":45,"column":48},"end":{"line":47,"column":7}},"7":{"start":{"line":48,"column":58},"end":{"line":48,"column":69}},"8":{"start":{"line":49,"column":19},"end":{"line":49,"column":32}},"9":{"start":{"line":50,"column":21},"end":{"line":50,"column":71}},"10":{"start":{"line":52,"column":26},"end":{"line":52,"column":57}},"11":{"start":{"line":55,"column":18},"end":{"line":55,"column":35}},"12":{"start":{"line":56,"column":16},"end":{"line":56,"column":35}},"13":{"start":{"line":58,"column":24},"end":{"line":63,"column":4}},"14":{"start":{"line":59,"column":4},"end":{"line":62,"column":6}},"15":{"start":{"line":65,"column":2},"end":{"line":92,"column":50}},"16":{"start":{"line":66,"column":4},"end":{"line":75,"column":7}},"17":{"start":{"line":68,"column":8},"end":{"line":72,"column":15}},"18":{"start":{"line":78,"column":4},"end":{"line":81,"column":7}},"19":{"start":{"line":82,"column":4},"end":{"line":85,"column":7}},"20":{"start":{"line":88,"column":4},"end":{"line":91,"column":6}},"21":{"start":{"line":89,"column":6},"end":{"line":89,"column":24}},"22":{"start":{"line":90,"column":6},"end":{"line":90,"column":24}},"23":{"start":{"line":94,"column":29},"end":{"line":99,"column":3}},"24":{"start":{"line":95,"column":4},"end":{"line":98,"column":8}},"25":{"start":{"line":95,"column":34},"end":{"line":98,"column":5}},"26":{"start":{"line":101,"column":22},"end":{"line":101,"column":39}},"27":{"start":{"line":102,"column":21},"end":{"line":102,"column":38}},"28":{"start":{"line":104,"column":30},"end":{"line":108,"column":4}},"29":{"start":{"line":105,"column":4},"end":{"line":107,"column":6}},"30":{"start":{"line":110,"column":29},"end":{"line":114,"column":4}},"31":{"start":{"line":111,"column":4},"end":{"line":113,"column":6}},"32":{"start":{"line":115,"column":23},"end":{"line":122,"column":3}},"33":{"start":{"line":116,"column":23},"end":{"line":119,"column":5}},"34":{"start":{"line":117,"column":21},"end":{"line":117,"column":37}},"35":{"start":{"line":120,"column":4},"end":{"line":120,"column":80}},"36":{"start":{"line":121,"column":4},"end":{"line":121,"column":34}},"37":{"start":{"line":124,"column":22},"end":{"line":127,"column":3}},"38":{"start":{"line":125,"column":4},"end":{"line":125,"column":27}},"39":{"start":{"line":126,"column":4},"end":{"line":126,"column":31}},"40":{"start":{"line":129,"column":21},"end":{"line":133,"column":3}},"41":{"start":{"line":130,"column":4},"end":{"line":132,"column":5}},"42":{"start":{"line":131,"column":6},"end":{"line":131,"column":56}},"43":{"start":{"line":135,"column":25},"end":{"line":139,"column":3}},"44":{"start":{"line":136,"column":4},"end":{"line":138,"column":5}},"45":{"start":{"line":137,"column":6},"end":{"line":137,"column":56}},"46":{"start":{"line":142,"column":21},"end":{"line":144,"column":3}},"47":{"start":{"line":143,"column":4},"end":{"line":143,"column":26}},"48":{"start":{"line":146,"column":2},"end":{"line":213,"column":4}},"49":{"start":{"line":152,"column":12},"end":{"line":163,"column":31}},"50":{"start":{"line":160,"column":29},"end":{"line":160,"column":74}},"51":{"start":{"line":193,"column":36},"end":{"line":196,"column":13}},"52":{"start":{"line":203,"column":36},"end":{"line":206,"column":13}},"53":{"start":{"line":216,"column":15},"end":{"line":351,"column":2}}},"fnMap":{"0":{"name":"(anonymous_0)","decl":{"start":{"line":34,"column":22},"end":{"line":34,"column":23}},"loc":{"start":{"line":34,"column":43},"end":{"line":36,"column":1}},"line":34},"1":{"name":"(anonymous_1)","decl":{"start":{"line":38,"column":23},"end":{"line":38,"column":24}},"loc":{"start":{"line":38,"column":44},"end":{"line":40,"column":1}},"line":38},"2":{"name":"(anonymous_2)","decl":{"start":{"line":44,"column":38},"end":{"line":44,"column":39}},"loc":{"start":{"line":44,"column":44},"end":{"line":214,"column":1}},"line":44},"3":{"name":"(anonymous_3)","decl":{"start":{"line":58,"column":41},"end":{"line":58,"column":42}},"loc":{"start":{"line":58,"column":47},"end":{"line":63,"column":3}},"line":58},"4":{"name":"(anonymous_4)","decl":{"start":{"line":65,"column":12},"end":{"line":65,"column":13}},"loc":{"start":{"line":65,"column":18},"end":{"line":92,"column":3}},"line":65},"5":{"name":"(anonymous_5)","decl":{"start":{"line":67,"column":19},"end":{"line":67,"column":20}},"loc":{"start":{"line":68,"column":8},"end":{"line":72,"column":15}},"line":68},"6":{"name":"(anonymous_6)","decl":{"start":{"line":88,"column":11},"end":{"line":88,"column":12}},"loc":{"start":{"line":88,"column":17},"end":{"line":91,"column":5}},"line":88},"7":{"name":"(anonymous_7)","decl":{"start":{"line":94,"column":29},"end":{"line":94,"column":30}},"loc":{"start":{"line":94,"column":64},"end":{"line":99,"column":3}},"line":94},"8":{"name":"(anonymous_8)","decl":{"start":{"line":95,"column":23},"end":{"line":95,"column":24}},"loc":{"start":{"line":95,"column":34},"end":{"line":98,"column":5}},"line":95},"9":{"name":"(anonymous_9)","decl":{"start":{"line":104,"column":47},"end":{"line":104,"column":48}},"loc":{"start":{"line":104,"column":53},"end":{"line":108,"column":3}},"line":104},"10":{"name":"(anonymous_10)","decl":{"start":{"line":110,"column":46},"end":{"line":110,"column":47}},"loc":{"start":{"line":110,"column":52},"end":{"line":114,"column":3}},"line":110},"11":{"name":"(anonymous_11)","decl":{"start":{"line":115,"column":23},"end":{"line":115,"column":24}},"loc":{"start":{"line":115,"column":29},"end":{"line":122,"column":3}},"line":115},"12":{"name":"(anonymous_12)","decl":{"start":{"line":117,"column":6},"end":{"line":117,"column":7}},"loc":{"start":{"line":117,"column":21},"end":{"line":117,"column":37}},"line":117},"13":{"name":"(anonymous_13)","decl":{"start":{"line":124,"column":22},"end":{"line":124,"column":23}},"loc":{"start":{"line":124,"column":28},"end":{"line":127,"column":3}},"line":124},"14":{"name":"(anonymous_14)","decl":{"start":{"line":129,"column":21},"end":{"line":129,"column":22}},"loc":{"start":{"line":129,"column":27},"end":{"line":133,"column":3}},"line":129},"15":{"name":"(anonymous_15)","decl":{"start":{"line":135,"column":25},"end":{"line":135,"column":26}},"loc":{"start":{"line":135,"column":31},"end":{"line":139,"column":3}},"line":135},"16":{"name":"(anonymous_16)","decl":{"start":{"line":142,"column":21},"end":{"line":142,"column":22}},"loc":{"start":{"line":142,"column":27},"end":{"line":144,"column":3}},"line":142},"17":{"name":"(anonymous_17)","decl":{"start":{"line":151,"column":39},"end":{"line":151,"column":40}},"loc":{"start":{"line":152,"column":12},"end":{"line":163,"column":31}},"line":152},"18":{"name":"(anonymous_18)","decl":{"start":{"line":160,"column":23},"end":{"line":160,"column":24}},"loc":{"start":{"line":160,"column":29},"end":{"line":160,"column":74}},"line":160},"19":{"name":"(anonymous_19)","decl":{"start":{"line":193,"column":19},"end":{"line":193,"column":20}},"loc":{"start":{"line":193,"column":36},"end":{"line":196,"column":13}},"line":193},"20":{"name":"(anonymous_20)","decl":{"start":{"line":203,"column":19},"end":{"line":203,"column":20}},"loc":{"start":{"line":203,"column":36},"end":{"line":206,"column":13}},"line":203}},"branchMap":{"0":{"loc":{"start":{"line":130,"column":4},"end":{"line":132,"column":5}},"type":"if","locations":[{"start":{"line":130,"column":4},"end":{"line":132,"column":5}},{"start":{},"end":{}}],"line":130},"1":{"loc":{"start":{"line":136,"column":4},"end":{"line":138,"column":5}},"type":"if","locations":[{"start":{"line":136,"column":4},"end":{"line":138,"column":5}},{"start":{},"end":{}}],"line":136},"2":{"loc":{"start":{"line":156,"column":16},"end":{"line":158,"column":22}},"type":"cond-expr","locations":[{"start":{"line":157,"column":20},"end":{"line":157,"column":41}},{"start":{"line":158,"column":20},"end":{"line":158,"column":22}}],"line":156},"3":{"loc":{"start":{"line":171,"column":14},"end":{"line":171,"column":59}},"type":"binary-expr","locations":[{"start":{"line":171,"column":14},"end":{"line":171,"column":40}},{"start":{"line":171,"column":44},"end":{"line":171,"column":59}}],"line":171},"4":{"loc":{"start":{"line":181,"column":14},"end":{"line":181,"column":78}},"type":"binary-expr","locations":[{"start":{"line":181,"column":14},"end":{"line":181,"column":59}},{"start":{"line":181,"column":63},"end":{"line":181,"column":78}}],"line":181},"5":{"loc":{"start":{"line":195,"column":14},"end":{"line":195,"column":45}},"type":"binary-expr","locations":[{"start":{"line":195,"column":14},"end":{"line":195,"column":21}},{"start":{"line":195,"column":25},"end":{"line":195,"column":45}}],"line":195},"6":{"loc":{"start":{"line":205,"column":14},"end":{"line":205,"column":45}},"type":"binary-expr","locations":[{"start":{"line":205,"column":14},"end":{"line":205,"column":21}},{"start":{"line":205,"column":25},"end":{"line":205,"column":45}}],"line":205}},"s":{"0":1,"1":0,"2":1,"3":0,"4":1,"5":1,"6":3,"7":3,"8":3,"9":3,"10":3,"11":3,"12":3,"13":3,"14":16,"15":3,"16":2,"17":3,"18":2,"19":2,"20":2,"21":2,"22":2,"23":3,"24":0,"25":0,"26":3,"27":3,"28":3,"29":4,"30":3,"31":4,"32":3,"33":1,"34":0,"35":1,"36":1,"37":3,"38":1,"39":1,"40":3,"41":0,"42":0,"43":3,"44":0,"45":0,"46":3,"47":0,"48":3,"49":9,"50":0,"51":3,"52":3,"53":1},"f":{"0":0,"1":0,"2":3,"3":16,"4":2,"5":3,"6":2,"7":0,"8":0,"9":4,"10":4,"11":1,"12":0,"13":1,"14":0,"15":0,"16":0,"17":9,"18":0,"19":3,"20":3},"b":{"0":[0,0],"1":[0,0],"2":[0,9],"3":[3,3],"4":[3,0],"5":[3,0],"6":[3,0]},"_coverageSchema":"1a1c01bbd47fc00a2c39e90264f33305004495a9","hash":"c917fd2b9b2548a7a0142155611bc1b06a3db62d"}
,"/Users/shafeerabdulsalam/Project2024/risk-profile-app/screens/ResultScreen.tsx": {"path":"/Users/shafeerabdulsalam/Project2024/risk-profile-app/screens/ResultScreen.tsx","statementMap":{"0":{"start":{"line":6,"column":30},"end":{"line":14,"column":1}},"1":{"start":{"line":7,"column":2},"end":{"line":13,"column":3}},"2":{"start":{"line":8,"column":4},"end":{"line":8,"column":22}},"3":{"start":{"line":9,"column":9},"end":{"line":13,"column":3}},"4":{"start":{"line":10,"column":4},"end":{"line":10,"column":25}},"5":{"start":{"line":12,"column":4},"end":{"line":12,"column":23}},"6":{"start":{"line":16,"column":31},"end":{"line":65,"column":1}},"7":{"start":{"line":17,"column":18},"end":{"line":17,"column":68}},"8":{"start":{"line":17,"column":46},"end":{"line":17,"column":67}},"9":{"start":{"line":18,"column":17},"end":{"line":18,"column":65}},"10":{"start":{"line":18,"column":45},"end":{"line":18,"column":64}},"11":{"start":{"line":19,"column":21},"end":{"line":19,"column":27}},"12":{"start":{"line":20,"column":23},"end":{"line":20,"column":56}},"13":{"start":{"line":22,"column":50},"end":{"line":22,"column":76}},"14":{"start":{"line":25,"column":23},"end":{"line":25,"column":44}},"15":{"start":{"line":27,"column":29},"end":{"line":43,"column":2}},"16":{"start":{"line":28,"column":3},"end":{"line":28,"column":29}},"17":{"start":{"line":29,"column":3},"end":{"line":42,"column":13}},"18":{"start":{"line":45,"column":1},"end":{"line":47,"column":8}},"19":{"start":{"line":46,"column":3},"end":{"line":46,"column":25}},"20":{"start":{"line":49,"column":20},"end":{"line":51,"column":2}},"21":{"start":{"line":53,"column":1},"end":{"line":64,"column":3}},"22":{"start":{"line":68,"column":23},"end":{"line":72,"column":3}},"23":{"start":{"line":69,"column":4},"end":{"line":69,"column":66}},"24":{"start":{"line":69,"column":20},"end":{"line":69,"column":66}},"25":{"start":{"line":70,"column":4},"end":{"line":70,"column":69}},"26":{"start":{"line":70,"column":20},"end":{"line":70,"column":69}},"27":{"start":{"line":71,"column":4},"end":{"line":71,"column":51}},"28":{"start":{"line":73,"column":15},"end":{"line":109,"column":2}}},"fnMap":{"0":{"name":"(anonymous_0)","decl":{"start":{"line":6,"column":30},"end":{"line":6,"column":31}},"loc":{"start":{"line":6,"column":59},"end":{"line":14,"column":1}},"line":6},"1":{"name":"(anonymous_1)","decl":{"start":{"line":16,"column":31},"end":{"line":16,"column":32}},"loc":{"start":{"line":16,"column":37},"end":{"line":65,"column":1}},"line":16},"2":{"name":"(anonymous_2)","decl":{"start":{"line":17,"column":30},"end":{"line":17,"column":31}},"loc":{"start":{"line":17,"column":46},"end":{"line":17,"column":67}},"line":17},"3":{"name":"(anonymous_3)","decl":{"start":{"line":18,"column":29},"end":{"line":18,"column":30}},"loc":{"start":{"line":18,"column":45},"end":{"line":18,"column":64}},"line":18},"4":{"name":"(anonymous_4)","decl":{"start":{"line":27,"column":29},"end":{"line":27,"column":30}},"loc":{"start":{"line":27,"column":35},"end":{"line":43,"column":2}},"line":27},"5":{"name":"(anonymous_5)","decl":{"start":{"line":45,"column":17},"end":{"line":45,"column":18}},"loc":{"start":{"line":45,"column":23},"end":{"line":47,"column":2}},"line":45},"6":{"name":"(anonymous_6)","decl":{"start":{"line":68,"column":23},"end":{"line":68,"column":24}},"loc":{"start":{"line":68,"column":75},"end":{"line":72,"column":3}},"line":68}},"branchMap":{"0":{"loc":{"start":{"line":7,"column":2},"end":{"line":13,"column":3}},"type":"if","locations":[{"start":{"line":7,"column":2},"end":{"line":13,"column":3}},{"start":{"line":9,"column":9},"end":{"line":13,"column":3}}],"line":7},"1":{"loc":{"start":{"line":9,"column":9},"end":{"line":13,"column":3}},"type":"if","locations":[{"start":{"line":9,"column":9},"end":{"line":13,"column":3}},{"start":{"line":11,"column":9},"end":{"line":13,"column":3}}],"line":9},"2":{"loc":{"start":{"line":61,"column":5},"end":{"line":61,"column":34}},"type":"binary-expr","locations":[{"start":{"line":61,"column":5},"end":{"line":61,"column":16}},{"start":{"line":61,"column":20},"end":{"line":61,"column":34}}],"line":61},"3":{"loc":{"start":{"line":69,"column":4},"end":{"line":69,"column":66}},"type":"if","locations":[{"start":{"line":69,"column":4},"end":{"line":69,"column":66}},{"start":{},"end":{}}],"line":69},"4":{"loc":{"start":{"line":70,"column":4},"end":{"line":70,"column":69}},"type":"if","locations":[{"start":{"line":70,"column":4},"end":{"line":70,"column":69}},{"start":{},"end":{}}],"line":70}},"s":{"0":2,"1":4,"2":2,"3":2,"4":1,"5":1,"6":2,"7":6,"8":8,"9":4,"10":8,"11":4,"12":4,"13":4,"14":4,"15":4,"16":4,"17":4,"18":4,"19":4,"20":4,"21":4,"22":2,"23":4,"24":1,"25":3,"26":1,"27":2,"28":2},"f":{"0":4,"1":6,"2":8,"3":8,"4":4,"5":4,"6":4},"b":{"0":[2,2],"1":[1,1],"2":[4,0],"3":[1,3],"4":[1,2]},"_coverageSchema":"1a1c01bbd47fc00a2c39e90264f33305004495a9","hash":"e39d24da22b9bedbe2f00bb21897c5a79f69053e"}
,"/Users/shafeerabdulsalam/Project2024/risk-profile-app/types/questions.ts": {"path":"/Users/shafeerabdulsalam/Project2024/risk-profile-app/types/questions.ts","statementMap":{"0":{"start":{"line":9,"column":39},"end":{"line":60,"column":3}}},"fnMap":{},"branchMap":{},"s":{"0":1},"f":{},"b":{},"_coverageSchema":"1a1c01bbd47fc00a2c39e90264f33305004495a9","hash":"04396da6f8e6b079fb8c0e5a86d2138b6d10d4d7"}
}
