TN:
SF:redux/actions.ts
FN:5,(anonymous_0)
FNF:1
FNH:1
FNDA:1,(anonymous_0)
DA:3,2
DA:5,2
DA:6,1
LF:3
LH:3
BRF:0
BRH:0
end_of_record
TN:
SF:redux/reducer.ts
FN:12,(anonymous_0)
FNF:1
FNH:1
FNDA:6,(anonymous_0)
DA:8,2
DA:12,2
DA:13,6
DA:15,4
DA:20,2
LF:5
LH:5
BRDA:12,0,0,2
BRDA:13,1,0,4
BRDA:13,1,1,2
BRF:3
BRH:3
end_of_record
TN:
SF:screens/QuestionnaireScreen.tsx
FN:34,(anonymous_0)
FN:38,(anonymous_1)
FN:44,(anonymous_2)
FN:58,(anonymous_3)
FN:65,(anonymous_4)
FN:67,(anonymous_5)
FN:88,(anonymous_6)
FN:94,(anonymous_7)
FN:95,(anonymous_8)
FN:104,(anonymous_9)
FN:110,(anonymous_10)
FN:115,(anonymous_11)
FN:117,(anonymous_12)
FN:124,(anonymous_13)
FN:129,(anonymous_14)
FN:135,(anonymous_15)
FN:142,(anonymous_16)
FN:151,(anonymous_17)
FN:160,(anonymous_18)
FN:193,(anonymous_19)
FN:203,(anonymous_20)
FNF:21
FNH:12
FNDA:0,(anonymous_0)
FNDA:0,(anonymous_1)
FNDA:3,(anonymous_2)
FNDA:16,(anonymous_3)
FNDA:2,(anonymous_4)
FNDA:3,(anonymous_5)
FNDA:2,(anonymous_6)
FNDA:0,(anonymous_7)
FNDA:0,(anonymous_8)
FNDA:4,(anonymous_9)
FNDA:4,(anonymous_10)
FNDA:1,(anonymous_11)
FNDA:0,(anonymous_12)
FNDA:1,(anonymous_13)
FNDA:0,(anonymous_14)
FNDA:0,(anonymous_15)
FNDA:0,(anonymous_16)
FNDA:9,(anonymous_17)
FNDA:0,(anonymous_18)
FNDA:3,(anonymous_19)
FNDA:3,(anonymous_20)
DA:34,1
DA:35,0
DA:38,1
DA:39,0
DA:42,1
DA:44,1
DA:45,3
DA:48,3
DA:49,3
DA:50,3
DA:52,3
DA:55,3
DA:56,3
DA:58,3
DA:59,16
DA:65,3
DA:66,2
DA:68,3
DA:78,2
DA:82,2
DA:88,2
DA:89,2
DA:90,2
DA:94,3
DA:95,0
DA:101,3
DA:102,3
DA:104,3
DA:105,4
DA:110,3
DA:111,4
DA:115,3
DA:116,1
DA:117,0
DA:120,1
DA:121,1
DA:124,3
DA:125,1
DA:126,1
DA:129,3
DA:130,0
DA:131,0
DA:135,3
DA:136,0
DA:137,0
DA:142,3
DA:143,0
DA:146,3
DA:152,9
DA:160,0
DA:193,3
DA:203,3
DA:216,1
LF:53
LH:43
BRDA:130,0,0,0
BRDA:130,0,1,0
BRDA:136,1,0,0
BRDA:136,1,1,0
BRDA:156,2,0,0
BRDA:156,2,1,9
BRDA:171,3,0,3
BRDA:171,3,1,3
BRDA:181,4,0,3
BRDA:181,4,1,0
BRDA:195,5,0,3
BRDA:195,5,1,0
BRDA:205,6,0,3
BRDA:205,6,1,0
BRF:14
BRH:6
end_of_record
TN:
SF:screens/ResultScreen.tsx
FN:6,(anonymous_0)
FN:16,(anonymous_1)
FN:17,(anonymous_2)
FN:18,(anonymous_3)
FN:27,(anonymous_4)
FN:45,(anonymous_5)
FN:68,(anonymous_6)
FNF:7
FNH:7
FNDA:4,(anonymous_0)
FNDA:6,(anonymous_1)
FNDA:8,(anonymous_2)
FNDA:8,(anonymous_3)
FNDA:4,(anonymous_4)
FNDA:4,(anonymous_5)
FNDA:4,(anonymous_6)
DA:6,2
DA:7,4
DA:8,2
DA:9,2
DA:10,1
DA:12,1
DA:16,2
DA:17,8
DA:18,8
DA:19,4
DA:20,4
DA:22,4
DA:25,4
DA:27,4
DA:28,4
DA:29,4
DA:45,4
DA:46,4
DA:49,4
DA:53,4
DA:68,2
DA:69,4
DA:70,3
DA:71,2
DA:73,2
LF:25
LH:25
BRDA:7,0,0,2
BRDA:7,0,1,2
BRDA:9,1,0,1
BRDA:9,1,1,1
BRDA:61,2,0,4
BRDA:61,2,1,0
BRDA:69,3,0,1
BRDA:69,3,1,3
BRDA:70,4,0,1
BRDA:70,4,1,2
BRF:10
BRH:9
end_of_record
TN:
SF:types/questions.ts
FNF:0
FNH:0
DA:9,1
LF:1
LH:1
BRF:0
BRH:0
end_of_record
